c:\users\bohdan\onedrive\рабочий стол\учеба\об'єктно-орієнтоване програмування\курсова\курсовая_работа_щёкин\debug\vc141.pdb
c:\users\bohdan\onedrive\рабочий стол\учеба\об'єктно-орієнтоване програмування\курсова\курсовая_работа_щёкин\debug\vc141.idb
c:\users\bohdan\onedrive\рабочий стол\учеба\об'єктно-орієнтоване програмування\курсова\курсовая_работа_щёкин\debug\main.obj
c:\users\bohdan\onedrive\рабочий стол\учеба\об'єктно-орієнтоване програмування\курсова\курсовая_работа_щёкин\debug\scene_controller.obj
c:\users\bohdan\onedrive\рабочий стол\sfml_course_work\курсовая_работа_щёкин\debug\vc141.pdb
c:\users\bohdan\onedrive\рабочий стол\sfml_course_work\курсовая_работа_щёкин\debug\vc141.idb
c:\users\bohdan\onedrive\рабочий стол\sfml_course_work\курсовая_работа_щёкин\debug\main.obj
c:\users\bohdan\onedrive\рабочий стол\sfml_course_work\курсовая_работа_щёкин\debug\scene_controller.obj
c:\users\bohdan\onedrive\рабочий стол\учеба\об'єктно-орієнтоване програмування\курсова\курсовая_работа_щёкин\debug\курсовая_работа_щёкин.exe
c:\users\bohdan\onedrive\рабочий стол\учеба\об'єктно-орієнтоване програмування\курсова\курсовая_работа_щёкин\debug\курсовая_работа_щёкин.ilk
c:\users\bohdan\onedrive\рабочий стол\учеба\об'єктно-орієнтоване програмування\курсова\курсовая_работа_щёкин\debug\курсовая_работа_щёкин.pdb
c:\users\bohdan\onedrive\рабочий стол\sfml_course_work\курсовая_работа_щёкин\debug\курсовая_работа_щёкин.exe
c:\users\bohdan\onedrive\рабочий стол\sfml_course_work\курсовая_работа_щёкин\debug\курсовая_работа_щёкин.ilk
c:\users\bohdan\onedrive\рабочий стол\sfml_course_work\курсовая_работа_щёкин\debug\курсовая_работа_щёкин.pdb
c:\users\bohdan\onedrive\рабочий стол\sfml_course_work\курсовая_работа_щёкин\debug\курсовая.94dd87ff.tlog\cl.command.1.tlog
c:\users\bohdan\onedrive\рабочий стол\sfml_course_work\курсовая_работа_щёкин\debug\курсовая.94dd87ff.tlog\cl.read.1.tlog
c:\users\bohdan\onedrive\рабочий стол\sfml_course_work\курсовая_работа_щёкин\debug\курсовая.94dd87ff.tlog\cl.write.1.tlog
c:\users\bohdan\onedrive\рабочий стол\sfml_course_work\курсовая_работа_щёкин\debug\курсовая.94dd87ff.tlog\link.command.1.tlog
c:\users\bohdan\onedrive\рабочий стол\sfml_course_work\курсовая_работа_щёкин\debug\курсовая.94dd87ff.tlog\link.read.1.tlog
c:\users\bohdan\onedrive\рабочий стол\sfml_course_work\курсовая_работа_щёкин\debug\курсовая.94dd87ff.tlog\link.write.1.tlog
