  Circle.cpp
  Composite.cpp
C:\Users\Bohdan\OneDrive\Рабочий стол\SFML_Course_Work\Курсовая_работа_Щёкин\Composite.cpp(1,9): warning C4067: непредвиденные лексемы за директивой препроцессора, требуется newline
  Figure.cpp
C:\Users\Bohdan\OneDrive\Рабочий стол\SFML_Course_Work\Курсовая_работа_Щёкин\Figure.cpp(1,9): warning C4067: непредвиденные лексемы за директивой препроцессора, требуется newline
  main.cpp
C:\Users\Bohdan\OneDrive\Рабочий стол\SFML_Course_Work\Курсовая_работа_Щёкин\Scene_Controller.h(104,1): warning C4305: =: усечение из "double" в "float"
C:\Users\Bohdan\OneDrive\Рабочий стол\SFML_Course_Work\Курсовая_работа_Щёкин\Scene_Controller.h(206,1): warning C4267: =: преобразование из "size_t" в "int"; возможна потеря данных
C:\Users\Bohdan\OneDrive\Рабочий стол\SFML_Course_Work\Курсовая_работа_Щёкин\Scene_Controller.h(291,41): warning C4838: Преобразование из "float" в "int" требует сужающего преобразования.
C:\Users\Bohdan\OneDrive\Рабочий стол\SFML_Course_Work\Курсовая_работа_Щёкин\Scene_Controller.h(291,41): warning C4244: инициализация: преобразование "float" в "int", возможна потеря данных
C:\Users\Bohdan\OneDrive\Рабочий стол\SFML_Course_Work\Курсовая_работа_Щёкин\Scene_Controller.h(291,65): warning C4838: Преобразование из "float" в "int" требует сужающего преобразования.
C:\Users\Bohdan\OneDrive\Рабочий стол\SFML_Course_Work\Курсовая_работа_Щёкин\Scene_Controller.h(291,65): warning C4244: инициализация: преобразование "float" в "int", возможна потеря данных
C:\Users\Bohdan\OneDrive\Рабочий стол\SFML_Course_Work\Курсовая_работа_Щёкин\Scene_Controller.h(86,7): warning C4101: choice: неиспользованная локальная переменная
C:\Users\Bohdan\OneDrive\Рабочий стол\SFML_Course_Work\Курсовая_работа_Щёкин\main.cpp(10,12): warning C4244: аргумент: преобразование "time_t" в "unsigned int", возможна потеря данных
  Rectangle.cpp
C:\Users\Bohdan\OneDrive\Рабочий стол\SFML_Course_Work\Курсовая_работа_Щёкин\Rectangle.cpp(1,9): warning C4067: непредвиденные лексемы за директивой препроцессора, требуется newline
  Scene_Controller.cpp
C:\Users\Bohdan\OneDrive\Рабочий стол\SFML_Course_Work\Курсовая_работа_Щёкин\Scene_Controller.h(104,1): warning C4305: =: усечение из "double" в "float"
C:\Users\Bohdan\OneDrive\Рабочий стол\SFML_Course_Work\Курсовая_работа_Щёкин\Scene_Controller.h(206,1): warning C4267: =: преобразование из "size_t" в "int"; возможна потеря данных
C:\Users\Bohdan\OneDrive\Рабочий стол\SFML_Course_Work\Курсовая_работа_Щёкин\Scene_Controller.h(291,41): warning C4838: Преобразование из "float" в "int" требует сужающего преобразования.
C:\Users\Bohdan\OneDrive\Рабочий стол\SFML_Course_Work\Курсовая_работа_Щёкин\Scene_Controller.h(291,41): warning C4244: инициализация: преобразование "float" в "int", возможна потеря данных
C:\Users\Bohdan\OneDrive\Рабочий стол\SFML_Course_Work\Курсовая_работа_Щёкин\Scene_Controller.h(291,65): warning C4838: Преобразование из "float" в "int" требует сужающего преобразования.
C:\Users\Bohdan\OneDrive\Рабочий стол\SFML_Course_Work\Курсовая_работа_Щёкин\Scene_Controller.h(291,65): warning C4244: инициализация: преобразование "float" в "int", возможна потеря данных
C:\Users\Bohdan\OneDrive\Рабочий стол\SFML_Course_Work\Курсовая_работа_Щёкин\Scene_Controller.h(86,7): warning C4101: choice: неиспользованная локальная переменная
  Создание кода...
Circle.obj : error LNK2019: ссылка на неразрешенный внешний символ "__declspec(dllimport) public: static bool __cdecl sf::Keyboard::isKeyPressed(enum sf::Keyboard::Key)" (__imp_?isKeyPressed@Keyboard@sf@@SA_NW4Key@12@@Z) в функции "public: virtual void __cdecl Circle::move(enum sf::Keyboard::Key,float,float)" (?move@Circle@@UEAAXW4Key@Keyboard@sf@@MM@Z).
main.obj : error LNK2001: неразрешенный внешний символ "__declspec(dllimport) public: static bool __cdecl sf::Keyboard::isKeyPressed(enum sf::Keyboard::Key)" (__imp_?isKeyPressed@Keyboard@sf@@SA_NW4Key@12@@Z).
Rectangle.obj : error LNK2001: неразрешенный внешний символ "__declspec(dllimport) public: static bool __cdecl sf::Keyboard::isKeyPressed(enum sf::Keyboard::Key)" (__imp_?isKeyPressed@Keyboard@sf@@SA_NW4Key@12@@Z).
Circle.obj : error LNK2019: ссылка на неразрешенный внешний символ "__declspec(dllimport) public: void __cdecl sf::Transformable::setPosition(float,float)" (__imp_?setPosition@Transformable@sf@@QEAAXMM@Z) в функции "public: __cdecl Circle::Circle(float,class sf::Color,float,float)" (??0Circle@@QEAA@MVColor@sf@@MM@Z).
main.obj : error LNK2001: неразрешенный внешний символ "__declspec(dllimport) public: void __cdecl sf::Transformable::setPosition(float,float)" (__imp_?setPosition@Transformable@sf@@QEAAXMM@Z).
Rectangle.obj : error LNK2001: неразрешенный внешний символ "__declspec(dllimport) public: void __cdecl sf::Transformable::setPosition(float,float)" (__imp_?setPosition@Transformable@sf@@QEAAXMM@Z).
Circle.obj : error LNK2019: ссылка на неразрешенный внешний символ "__declspec(dllimport) public: void __cdecl sf::Transformable::setOrigin(float,float)" (__imp_?setOrigin@Transformable@sf@@QEAAXMM@Z) в функции "public: __cdecl Circle::Circle(float,class sf::Color,float,float)" (??0Circle@@QEAA@MVColor@sf@@MM@Z).
main.obj : error LNK2001: неразрешенный внешний символ "__declspec(dllimport) public: void __cdecl sf::Transformable::setOrigin(float,float)" (__imp_?setOrigin@Transformable@sf@@QEAAXMM@Z).
Rectangle.obj : error LNK2001: неразрешенный внешний символ "__declspec(dllimport) public: void __cdecl sf::Transformable::setOrigin(float,float)" (__imp_?setOrigin@Transformable@sf@@QEAAXMM@Z).
Circle.obj : error LNK2019: ссылка на неразрешенный внешний символ "__declspec(dllimport) public: class sf::Vector2<float> const & __cdecl sf::Transformable::getPosition(void)const " (__imp_?getPosition@Transformable@sf@@QEBAAEBV?$Vector2@M@2@XZ) в функции "public: virtual void __cdecl Circle::automove(int &,int * const,class sf::RenderWindow &,float,int)" (?automove@Circle@@UEAAXAEAHQEAHAEAVRenderWindow@sf@@MH@Z).
Rectangle.obj : error LNK2001: неразрешенный внешний символ "__declspec(dllimport) public: class sf::Vector2<float> const & __cdecl sf::Transformable::getPosition(void)const " (__imp_?getPosition@Transformable@sf@@QEBAAEBV?$Vector2@M@2@XZ).
Circle.obj : error LNK2019: ссылка на неразрешенный внешний символ "__declspec(dllimport) public: void __cdecl sf::Transformable::move(float,float)" (__imp_?move@Transformable@sf@@QEAAXMM@Z) в функции "public: virtual void __cdecl Circle::automove(int &,int * const,class sf::RenderWindow &,float,int)" (?automove@Circle@@UEAAXAEAHQEAHAEAVRenderWindow@sf@@MH@Z).
Rectangle.obj : error LNK2001: неразрешенный внешний символ "__declspec(dllimport) public: void __cdecl sf::Transformable::move(float,float)" (__imp_?move@Transformable@sf@@QEAAXMM@Z).
Circle.obj : error LNK2019: ссылка на неразрешенный внешний символ "__declspec(dllimport) public: __cdecl sf::Color::Color(void)" (__imp_??0Color@sf@@QEAA@XZ) в функции "public: __cdecl Figure::Figure(float,float,class sf::Color)" (??0Figure@@QEAA@MMVColor@sf@@@Z).
Composite.obj : error LNK2001: неразрешенный внешний символ "__declspec(dllimport) public: __cdecl sf::Color::Color(void)" (__imp_??0Color@sf@@QEAA@XZ).
main.obj : error LNK2001: неразрешенный внешний символ "__declspec(dllimport) public: __cdecl sf::Color::Color(void)" (__imp_??0Color@sf@@QEAA@XZ).
Rectangle.obj : error LNK2001: неразрешенный внешний символ "__declspec(dllimport) public: __cdecl sf::Color::Color(void)" (__imp_??0Color@sf@@QEAA@XZ).
Circle.obj : error LNK2019: ссылка на неразрешенный внешний символ "__declspec(dllimport) public: __cdecl sf::Color::Color(unsigned char,unsigned char,unsigned char,unsigned char)" (__imp_??0Color@sf@@QEAA@EEEE@Z) в функции "public: virtual void __cdecl Circle::remove(class sf::RenderWindow *)" (?remove@Circle@@UEAAXPEAVRenderWindow@sf@@@Z).
Rectangle.obj : error LNK2001: неразрешенный внешний символ "__declspec(dllimport) public: __cdecl sf::Color::Color(unsigned char,unsigned char,unsigned char,unsigned char)" (__imp_??0Color@sf@@QEAA@EEEE@Z).
Circle.obj : error LNK2019: ссылка на неразрешенный внешний символ "__declspec(dllimport) public: unsigned int __cdecl sf::Color::toInteger(void)const " (__imp_?toInteger@Color@sf@@QEBAIXZ) в функции "public: virtual class std::basic_string<char,struct std::char_traits<char>,class std::allocator<char> > __cdecl Circle::serialize(void)" (?serialize@Circle@@UEAA?AV?$basic_string@DU?$char_traits@D@std@@V?$allocator@D@2@@std@@XZ).
Rectangle.obj : error LNK2001: неразрешенный внешний символ "__declspec(dllimport) public: unsigned int __cdecl sf::Color::toInteger(void)const " (__imp_?toInteger@Color@sf@@QEBAIXZ).
Circle.obj : error LNK2019: ссылка на неразрешенный внешний символ "__declspec(dllimport) public: void __cdecl sf::Shape::setFillColor(class sf::Color const &)" (__imp_?setFillColor@Shape@sf@@QEAAXAEBVColor@2@@Z) в функции "public: __cdecl Circle::Circle(float,class sf::Color,float,float)" (??0Circle@@QEAA@MVColor@sf@@MM@Z).
main.obj : error LNK2001: неразрешенный внешний символ "__declspec(dllimport) public: void __cdecl sf::Shape::setFillColor(class sf::Color const &)" (__imp_?setFillColor@Shape@sf@@QEAAXAEBVColor@2@@Z).
Rectangle.obj : error LNK2001: неразрешенный внешний символ "__declspec(dllimport) public: void __cdecl sf::Shape::setFillColor(class sf::Color const &)" (__imp_?setFillColor@Shape@sf@@QEAAXAEBVColor@2@@Z).
Circle.obj : error LNK2019: ссылка на неразрешенный внешний символ "__declspec(dllimport) public: class sf::Rect<float> __cdecl sf::Shape::getGlobalBounds(void)const " (__imp_?getGlobalBounds@Shape@sf@@QEBA?AV?$Rect@M@2@XZ) в функции "public: virtual class sf::Rect<float> __cdecl Circle::getBoundingBox(void)" (?getBoundingBox@Circle@@UEAA?AV?$Rect@M@sf@@XZ).
Rectangle.obj : error LNK2001: неразрешенный внешний символ "__declspec(dllimport) public: class sf::Rect<float> __cdecl sf::Shape::getGlobalBounds(void)const " (__imp_?getGlobalBounds@Shape@sf@@QEBA?AV?$Rect@M@2@XZ).
Circle.obj : error LNK2019: ссылка на неразрешенный внешний символ "__declspec(dllimport) public: __cdecl sf::CircleShape::CircleShape(float,unsigned __int64)" (__imp_??0CircleShape@sf@@QEAA@M_K@Z) в функции "public: __cdecl Circle::Circle(float,class sf::Color,float,float)" (??0Circle@@QEAA@MVColor@sf@@MM@Z).
main.obj : error LNK2001: неразрешенный внешний символ "__declspec(dllimport) public: __cdecl sf::CircleShape::CircleShape(float,unsigned __int64)" (__imp_??0CircleShape@sf@@QEAA@M_K@Z).
Circle.obj : error LNK2019: ссылка на неразрешенный внешний символ "__declspec(dllimport) public: void __cdecl sf::CircleShape::setRadius(float)" (__imp_?setRadius@CircleShape@sf@@QEAAXM@Z) в функции "public: __cdecl Circle::Circle(float,class sf::Color,float,float)" (??0Circle@@QEAA@MVColor@sf@@MM@Z).
main.obj : error LNK2001: неразрешенный внешний символ "__declspec(dllimport) public: void __cdecl sf::CircleShape::setRadius(float)" (__imp_?setRadius@CircleShape@sf@@QEAAXM@Z).
Circle.obj : error LNK2019: ссылка на неразрешенный внешний символ "__declspec(dllimport) public: virtual __cdecl sf::CircleShape::~CircleShape(void)" (__imp_??1CircleShape@sf@@UEAA@XZ) в функции "int `public: __cdecl Circle::Circle(float,class sf::Color,float,float)'::`1'::dtor$0" (?dtor$0@?0???0Circle@@QEAA@MVColor@sf@@MM@Z@4HA).
main.obj : error LNK2001: неразрешенный внешний символ "__declspec(dllimport) public: virtual __cdecl sf::CircleShape::~CircleShape(void)" (__imp_??1CircleShape@sf@@UEAA@XZ).
Circle.obj : error LNK2019: ссылка на неразрешенный внешний символ "__declspec(dllimport) public: void __cdecl sf::RenderTarget::clear(class sf::Color const &)" (__imp_?clear@RenderTarget@sf@@QEAAXAEBVColor@2@@Z) в функции "public: virtual void __cdecl Circle::remove(class sf::RenderWindow *)" (?remove@Circle@@UEAAXPEAVRenderWindow@sf@@@Z).
main.obj : error LNK2001: неразрешенный внешний символ "__declspec(dllimport) public: void __cdecl sf::RenderTarget::clear(class sf::Color const &)" (__imp_?clear@RenderTarget@sf@@QEAAXAEBVColor@2@@Z).
Rectangle.obj : error LNK2001: неразрешенный внешний символ "__declspec(dllimport) public: void __cdecl sf::RenderTarget::clear(class sf::Color const &)" (__imp_?clear@RenderTarget@sf@@QEAAXAEBVColor@2@@Z).
Circle.obj : error LNK2019: ссылка на неразрешенный внешний символ "__declspec(dllimport) public: void __cdecl sf::RenderTarget::draw(class sf::Drawable const &,class sf::RenderStates const &)" (__imp_?draw@RenderTarget@sf@@QEAAXAEBVDrawable@2@AEBVRenderStates@2@@Z) в функции "public: virtual void __cdecl Circle::draw(class sf::RenderWindow &)" (?draw@Circle@@UEAAXAEAVRenderWindow@sf@@@Z).
Rectangle.obj : error LNK2001: неразрешенный внешний символ "__declspec(dllimport) public: void __cdecl sf::RenderTarget::draw(class sf::Drawable const &,class sf::RenderStates const &)" (__imp_?draw@RenderTarget@sf@@QEAAXAEBVDrawable@2@AEBVRenderStates@2@@Z).
Circle.obj : error LNK2019: ссылка на неразрешенный внешний символ "__declspec(dllimport) public: static class sf::RenderStates const sf::RenderStates::Default" (__imp_?Default@RenderStates@sf@@2V12@B) в функции "public: virtual void __cdecl Circle::draw(class sf::RenderWindow &)" (?draw@Circle@@UEAAXAEAVRenderWindow@sf@@@Z).
Rectangle.obj : error LNK2001: неразрешенный внешний символ "__declspec(dllimport) public: static class sf::RenderStates const sf::RenderStates::Default" (__imp_?Default@RenderStates@sf@@2V12@B).
Circle.obj : error LNK2019: ссылка на неразрешенный внешний символ "__declspec(dllimport) public: static class sf::Color const sf::Color::Transparent" (__imp_?Transparent@Color@sf@@2V12@B) в функции "public: virtual void __cdecl Circle::hide(void)" (?hide@Circle@@UEAAXXZ).
Composite.obj : error LNK2001: неразрешенный внешний символ "__declspec(dllimport) public: static class sf::Color const sf::Color::Transparent" (__imp_?Transparent@Color@sf@@2V12@B).
Rectangle.obj : error LNK2001: неразрешенный внешний символ "__declspec(dllimport) public: static class sf::Color const sf::Color::Transparent" (__imp_?Transparent@Color@sf@@2V12@B).
main.obj : error LNK2019: ссылка на неразрешенный внешний символ "__declspec(dllimport) public: float __cdecl sf::Time::asSeconds(void)const " (__imp_?asSeconds@Time@sf@@QEBAMXZ) в функции "public: void __cdecl Scene_Controller::start(void)" (?start@Scene_Controller@@QEAAXXZ).
main.obj : error LNK2019: ссылка на неразрешенный внешний символ "__declspec(dllimport) public: __cdecl sf::Clock::Clock(void)" (__imp_??0Clock@sf@@QEAA@XZ) в функции "public: void __cdecl Scene_Controller::start(void)" (?start@Scene_Controller@@QEAAXXZ).
main.obj : error LNK2019: ссылка на неразрешенный внешний символ "__declspec(dllimport) public: class sf::Time __cdecl sf::Clock::getElapsedTime(void)const " (__imp_?getElapsedTime@Clock@sf@@QEBA?AVTime@2@XZ) в функции "public: void __cdecl Scene_Controller::start(void)" (?start@Scene_Controller@@QEAAXXZ).
main.obj : error LNK2019: ссылка на неразрешенный внешний символ "__declspec(dllimport) public: class sf::Time __cdecl sf::Clock::restart(void)" (__imp_?restart@Clock@sf@@QEAA?AVTime@2@XZ) в функции "public: void __cdecl Scene_Controller::start(void)" (?start@Scene_Controller@@QEAAXXZ).
main.obj : error LNK2019: ссылка на неразрешенный внешний символ "__declspec(dllimport) public: static bool __cdecl sf::Mouse::isButtonPressed(enum sf::Mouse::Button)" (__imp_?isButtonPressed@Mouse@sf@@SA_NW4Button@12@@Z) в функции "public: void __cdecl Scene_Controller::start(void)" (?start@Scene_Controller@@QEAAXXZ).
main.obj : error LNK2019: ссылка на неразрешенный внешний символ "__declspec(dllimport) public: static class sf::Vector2<int> __cdecl sf::Mouse::getPosition(class sf::Window const &)" (__imp_?getPosition@Mouse@sf@@SA?AV?$Vector2@H@2@AEBVWindow@2@@Z) в функции "public: void __cdecl Scene_Controller::start(void)" (?start@Scene_Controller@@QEAAXXZ).
main.obj : error LNK2019: ссылка на неразрешенный внешний символ "__declspec(dllimport) public: void __cdecl sf::Window::close(void)" (__imp_?close@Window@sf@@QEAAXXZ) в функции "public: void __cdecl Scene_Controller::start(void)" (?start@Scene_Controller@@QEAAXXZ).
main.obj : error LNK2019: ссылка на неразрешенный внешний символ "__declspec(dllimport) public: bool __cdecl sf::Window::isOpen(void)const " (__imp_?isOpen@Window@sf@@QEBA_NXZ) в функции "public: void __cdecl Scene_Controller::start(void)" (?start@Scene_Controller@@QEAAXXZ).
main.obj : error LNK2019: ссылка на неразрешенный внешний символ "__declspec(dllimport) public: bool __cdecl sf::Window::pollEvent(class sf::Event &)" (__imp_?pollEvent@Window@sf@@QEAA_NAEAVEvent@2@@Z) в функции "public: void __cdecl Scene_Controller::start(void)" (?start@Scene_Controller@@QEAAXXZ).
main.obj : error LNK2019: ссылка на неразрешенный внешний символ "__declspec(dllimport) public: void __cdecl sf::Window::display(void)" (__imp_?display@Window@sf@@QEAAXXZ) в функции "public: void __cdecl Scene_Controller::start(void)" (?start@Scene_Controller@@QEAAXXZ).
main.obj : error LNK2019: ссылка на неразрешенный внешний символ "__declspec(dllimport) public: __cdecl sf::RectangleShape::RectangleShape(class sf::Vector2<float> const &)" (__imp_??0RectangleShape@sf@@QEAA@AEBV?$Vector2@M@1@@Z) в функции "public: __cdecl My_Rectangle::My_Rectangle(float,float,class sf::Color,float,float)" (??0My_Rectangle@@QEAA@MMVColor@sf@@MM@Z).
Rectangle.obj : error LNK2001: неразрешенный внешний символ "__declspec(dllimport) public: __cdecl sf::RectangleShape::RectangleShape(class sf::Vector2<float> const &)" (__imp_??0RectangleShape@sf@@QEAA@AEBV?$Vector2@M@1@@Z).
main.obj : error LNK2019: ссылка на неразрешенный внешний символ "__declspec(dllimport) public: void __cdecl sf::RectangleShape::setSize(class sf::Vector2<float> const &)" (__imp_?setSize@RectangleShape@sf@@QEAAXAEBV?$Vector2@M@2@@Z) в функции "public: __cdecl My_Rectangle::My_Rectangle(float,float,class sf::Color,float,float)" (??0My_Rectangle@@QEAA@MMVColor@sf@@MM@Z).
Rectangle.obj : error LNK2001: неразрешенный внешний символ "__declspec(dllimport) public: void __cdecl sf::RectangleShape::setSize(class sf::Vector2<float> const &)" (__imp_?setSize@RectangleShape@sf@@QEAAXAEBV?$Vector2@M@2@@Z).
main.obj : error LNK2019: ссылка на неразрешенный внешний символ "__declspec(dllimport) public: virtual __cdecl sf::RectangleShape::~RectangleShape(void)" (__imp_??1RectangleShape@sf@@UEAA@XZ) в функции "int `public: __cdecl My_Rectangle::My_Rectangle(float,float,class sf::Color,float,float)'::`1'::dtor$0" (?dtor$0@?0???0My_Rectangle@@QEAA@MMVColor@sf@@MM@Z@4HA).
Rectangle.obj : error LNK2001: неразрешенный внешний символ "__declspec(dllimport) public: virtual __cdecl sf::RectangleShape::~RectangleShape(void)" (__imp_??1RectangleShape@sf@@UEAA@XZ).
main.obj : error LNK2019: ссылка на неразрешенный внешний символ "__declspec(dllimport) public: class sf::Vector2<float> __cdecl sf::RenderTarget::mapPixelToCoords(class sf::Vector2<int> const &)const " (__imp_?mapPixelToCoords@RenderTarget@sf@@QEBA?AV?$Vector2@M@2@AEBV?$Vector2@H@2@@Z) в функции "public: void __cdecl Scene_Controller::start(void)" (?start@Scene_Controller@@QEAAXXZ).
main.obj : error LNK2019: ссылка на неразрешенный внешний символ "__declspec(dllimport) public: static class sf::Color const sf::Color::Black" (__imp_?Black@Color@sf@@2V12@B) в функции "public: void __cdecl Scene_Controller::start(void)" (?start@Scene_Controller@@QEAAXXZ).
main.obj : error LNK2019: ссылка на неразрешенный внешний символ "__declspec(dllimport) public: static class sf::Color const sf::Color::Red" (__imp_?Red@Color@sf@@2V12@B) в функции "public: void __cdecl Scene_Controller::start(void)" (?start@Scene_Controller@@QEAAXXZ).
Scene_Controller.obj : error LNK2001: неразрешенный внешний символ "__declspec(dllimport) public: static class sf::Color const sf::Color::Red" (__imp_?Red@Color@sf@@2V12@B).
main.obj : error LNK2019: ссылка на неразрешенный внешний символ "__declspec(dllimport) public: static class sf::Color const sf::Color::Yellow" (__imp_?Yellow@Color@sf@@2V12@B) в функции "public: void __cdecl Scene_Controller::start(void)" (?start@Scene_Controller@@QEAAXXZ).
Scene_Controller.obj : error LNK2001: неразрешенный внешний символ "__declspec(dllimport) public: static class sf::Color const sf::Color::Yellow" (__imp_?Yellow@Color@sf@@2V12@B).
main.obj : error LNK2019: ссылка на неразрешенный внешний символ "__declspec(dllimport) public: static class sf::Color const sf::Color::Cyan" (__imp_?Cyan@Color@sf@@2V12@B) в функции "public: void __cdecl Scene_Controller::start(void)" (?start@Scene_Controller@@QEAAXXZ).
Scene_Controller.obj : error LNK2001: неразрешенный внешний символ "__declspec(dllimport) public: static class sf::Color const sf::Color::Cyan" (__imp_?Cyan@Color@sf@@2V12@B).
Rectangle.obj : error LNK2019: ссылка на неразрешенный внешний символ "__declspec(dllimport) public: class sf::Color const & __cdecl sf::Shape::getOutlineColor(void)const " (__imp_?getOutlineColor@Shape@sf@@QEBAAEBVColor@2@XZ) в функции "public: virtual void __cdecl My_Rectangle::hide(void)" (?hide@My_Rectangle@@UEAAXXZ).
Rectangle.obj : error LNK2019: ссылка на неразрешенный внешний символ "__declspec(dllimport) public: float __cdecl sf::Shape::getOutlineThickness(void)const " (__imp_?getOutlineThickness@Shape@sf@@QEBAMXZ) в функции "public: virtual void __cdecl My_Rectangle::hide(void)" (?hide@My_Rectangle@@UEAAXXZ).
Scene_Controller.obj : error LNK2019: ссылка на неразрешенный внешний символ "__declspec(dllimport) public: __cdecl sf::String::String(char const *,class std::locale const &)" (__imp_??0String@sf@@QEAA@PEBDAEBVlocale@std@@@Z) в функции "protected: __cdecl Scene_Controller::Scene_Controller(void)" (??0Scene_Controller@@IEAA@XZ).
Scene_Controller.obj : error LNK2019: ссылка на неразрешенный внешний символ "__declspec(dllimport) public: __cdecl sf::String::~String(void)" (__imp_??1String@sf@@QEAA@XZ) в функции "protected: __cdecl Scene_Controller::Scene_Controller(void)" (??0Scene_Controller@@IEAA@XZ).
Scene_Controller.obj : error LNK2019: ссылка на неразрешенный внешний символ "__declspec(dllimport) public: __cdecl sf::VideoMode::VideoMode(unsigned int,unsigned int,unsigned int)" (__imp_??0VideoMode@sf@@QEAA@III@Z) в функции "protected: __cdecl Scene_Controller::Scene_Controller(void)" (??0Scene_Controller@@IEAA@XZ).
Scene_Controller.obj : error LNK2019: ссылка на неразрешенный внешний символ "__declspec(dllimport) public: __cdecl sf::RenderWindow::RenderWindow(class sf::VideoMode,class sf::String const &,unsigned int,struct sf::ContextSettings const &)" (__imp_??0RenderWindow@sf@@QEAA@VVideoMode@1@AEBVString@1@IAEBUContextSettings@1@@Z) в функции "protected: __cdecl Scene_Controller::Scene_Controller(void)" (??0Scene_Controller@@IEAA@XZ).
Scene_Controller.obj : error LNK2019: ссылка на неразрешенный внешний символ "__declspec(dllimport) public: virtual __cdecl sf::RenderWindow::~RenderWindow(void)" (__imp_??1RenderWindow@sf@@UEAA@XZ) в функции "public: virtual void * __cdecl sf::RenderWindow::`scalar deleting destructor'(unsigned int)" (??_GRenderWindow@sf@@UEAAPEAXI@Z).
Scene_Controller.obj : error LNK2001: неразрешенный внешний символ "public: virtual class sf::Vector2<unsigned int> __cdecl sf::RenderWindow::getSize(void)const " (?getSize@RenderWindow@sf@@UEBA?AV?$Vector2@I@2@XZ).
Scene_Controller.obj : error LNK2001: неразрешенный внешний символ "protected: virtual void __cdecl sf::RenderWindow::onCreate(void)" (?onCreate@RenderWindow@sf@@MEAAXXZ).
Scene_Controller.obj : error LNK2001: неразрешенный внешний символ "protected: virtual void __cdecl sf::RenderWindow::onResize(void)" (?onResize@RenderWindow@sf@@MEAAXXZ).
Scene_Controller.obj : error LNK2001: неразрешенный внешний символ "public: virtual bool __cdecl sf::RenderWindow::setActive(bool)" (?setActive@RenderWindow@sf@@UEAA_N_N@Z).
Scene_Controller.obj : error LNK2019: ссылка на неразрешенный внешний символ "__declspec(dllimport) public: static class sf::Color const sf::Color::White" (__imp_?White@Color@sf@@2V12@B) в функции "protected: __cdecl Scene_Controller::Scene_Controller(void)" (??0Scene_Controller@@IEAA@XZ).
Scene_Controller.obj : error LNK2019: ссылка на неразрешенный внешний символ "__declspec(dllimport) public: static class sf::Color const sf::Color::Green" (__imp_?Green@Color@sf@@2V12@B) в функции "protected: __cdecl Scene_Controller::Scene_Controller(void)" (??0Scene_Controller@@IEAA@XZ).
Scene_Controller.obj : error LNK2019: ссылка на неразрешенный внешний символ "__declspec(dllimport) public: static class sf::Color const sf::Color::Blue" (__imp_?Blue@Color@sf@@2V12@B) в функции "protected: __cdecl Scene_Controller::Scene_Controller(void)" (??0Scene_Controller@@IEAA@XZ).
Scene_Controller.obj : error LNK2019: ссылка на неразрешенный внешний символ "__declspec(dllimport) public: static class sf::Color const sf::Color::Magenta" (__imp_?Magenta@Color@sf@@2V12@B) в функции "protected: __cdecl Scene_Controller::Scene_Controller(void)" (??0Scene_Controller@@IEAA@XZ).
C:\Users\Bohdan\OneDrive\Рабочий стол\SFML_Course_Work\Курсовая_работа_Щёкин\x64\Debug\Курсовая_работа_Щёкин.exe : fatal error LNK1120: неразрешенных внешних элементов: 50
